E:\2012 FALL\CSCI480\ASSIGNMENT\CG_ASSIGN3\ASSIGN3\DEBUG\ASSIGN3.EXE.EMBED.MANIFEST
E:\2012 FALL\CSCI480\ASSIGNMENT\CG_ASSIGN3\ASSIGN3\DEBUG\ASSIGN3.EXE.EMBED.MANIFEST.RES
E:\2012 FALL\CSCI480\ASSIGNMENT\CG_ASSIGN3\ASSIGN3\DEBUG\ASSIGN3.EXE.INTERMEDIATE.MANIFEST
E:\2012 FALL\CSCI480\ASSIGNMENT\CG_ASSIGN3\ASSIGN3\DEBUG\ASSIGN3.OBJ
E:\2012 fall\CSCI480\Assignment\CG_Assign3\assign3\Debug\assign3_manifest.rc
E:\2012 fall\CSCI480\Assignment\CG_Assign3\assign3\Debug\cl.command.1.tlog
E:\2012 fall\CSCI480\Assignment\CG_Assign3\assign3\Debug\CL.read.1.tlog
E:\2012 fall\CSCI480\Assignment\CG_Assign3\assign3\Debug\CL.write.1.tlog
E:\2012 fall\CSCI480\Assignment\CG_Assign3\assign3\Debug\link.5712.read.1.tlog
E:\2012 fall\CSCI480\Assignment\CG_Assign3\assign3\Debug\link.5712.write.1.tlog
E:\2012 fall\CSCI480\Assignment\CG_Assign3\assign3\Debug\link.5712-cvtres.read.1.tlog
E:\2012 fall\CSCI480\Assignment\CG_Assign3\assign3\Debug\link.5712-cvtres.write.1.tlog
E:\2012 fall\CSCI480\Assignment\CG_Assign3\assign3\Debug\link.7080.read.1.tlog
E:\2012 fall\CSCI480\Assignment\CG_Assign3\assign3\Debug\link.7080.write.1.tlog
E:\2012 fall\CSCI480\Assignment\CG_Assign3\assign3\Debug\link.7080-cvtres.read.1.tlog
E:\2012 fall\CSCI480\Assignment\CG_Assign3\assign3\Debug\link.7080-cvtres.write.1.tlog
E:\2012 fall\CSCI480\Assignment\CG_Assign3\assign3\Debug\link.command.1.tlog
E:\2012 fall\CSCI480\Assignment\CG_Assign3\assign3\Debug\link.read.1.tlog
E:\2012 fall\CSCI480\Assignment\CG_Assign3\assign3\Debug\link.write.1.tlog
E:\2012 fall\CSCI480\Assignment\CG_Assign3\assign3\Debug\mt.command.1.tlog
E:\2012 fall\CSCI480\Assignment\CG_Assign3\assign3\Debug\mt.read.1.tlog
E:\2012 fall\CSCI480\Assignment\CG_Assign3\assign3\Debug\mt.write.1.tlog
E:\2012 fall\CSCI480\Assignment\CG_Assign3\assign3\Debug\rc.command.1.tlog
E:\2012 fall\CSCI480\Assignment\CG_Assign3\assign3\Debug\rc.read.1.tlog
E:\2012 fall\CSCI480\Assignment\CG_Assign3\assign3\Debug\rc.write.1.tlog
E:\2012 fall\CSCI480\Assignment\CG_Assign3\assign3\Debug\vc100.idb
E:\2012 FALL\CSCI480\ASSIGNMENT\CG_ASSIGN3\ASSIGN3\DEBUG\VC100.PDB
E:\2012 FALL\CSCI480\ASSIGNMENT\CG_ASSIGN3\DEBUG\ASSIGN3.EXE
E:\2012 FALL\CSCI480\ASSIGNMENT\CG_ASSIGN3\DEBUG\ASSIGN3.ILK
E:\2012 FALL\CSCI480\ASSIGNMENT\CG_ASSIGN3\DEBUG\ASSIGN3.PDB
